<?xml version="1.0" encoding="UTF-8"?>
<!-- Generated by org.testng.reporters.JUnitReportReporter -->
<testsuite hostname="DSB-PC" name="crossBrowserTesting.CBT" tests="3" failures="0" timestamp="23 Aug 2016 02:24:44 GMT" time="0.130" errors="0">
  <testcase name="verifyTitle" time="0.021" classname="crossBrowserTesting.CBT"/>
  <testcase name="verifyTitle" time="0.032" classname="crossBrowserTesting.CBT"/>
  <testcase name="verifyTitle" time="0.077" classname="crossBrowserTesting.CBT"/>
</testsuite> <!-- crossBrowserTesting.CBT -->
